<?xml version="1.0" encoding="UTF-8"?>
<!-- Generated by org.testng.reporters.JUnitReportReporter -->
<testsuite hostname="shimul" name="getCode.Geico.HomePageLogIn" tests="1" failures="0" timestamp="5 Apr 2020 16:33:34 GMT" time="9.800" errors="0">
  <testcase name="getCode" time="9.800" classname="getCode.Geico.HomePageLogIn"/>
</testsuite> <!-- getCode.Geico.HomePageLogIn -->
