<?xml version="1.0" encoding="UTF-8"?>
<!-- Generated by org.testng.reporters.JUnitReportReporter -->
<testsuite hostname="shimul" name="getCode.Geico.ActiondDemo" tests="1" failures="0" timestamp="6 Apr 2020 01:05:55 GMT" time="1.359" errors="0">
  <testcase name="information" time="1.359" classname="getCode.Geico.ActiondDemo"/>
</testsuite> <!-- getCode.Geico.ActiondDemo -->
