<?xml version="1.0" encoding="UTF-8"?>
<!-- Generated by org.testng.reporters.JUnitReportReporter -->
<testsuite hostname="shimul" name="getCode.Geico.HomePage" tests="1" failures="0" timestamp="3 Apr 2020 00:56:42 GMT" time="0.982" errors="0">
  <testcase name="getCode" time="0.982" classname="getCode.Geico.HomePage"/>
</testsuite> <!-- getCode.Geico.HomePage -->
