<?xml version="1.0" encoding="UTF-8"?>
<!-- Generated by org.testng.reporters.JUnitReportReporter -->
<testsuite hostname="shimul" name="getCode.Geico.HomePageLogIn" tests="1" failures="0" timestamp="16 Apr 2020 15:23:03 GMT" time="7.293" errors="0">
  <testcase name="getCode" time="7.293" classname="getCode.Geico.HomePageLogIn"/>
</testsuite> <!-- getCode.Geico.HomePageLogIn -->
