<?xml version="1.0" encoding="UTF-8"?>
<!-- Generated by org.testng.reporters.JUnitReportReporter -->
<testsuite hostname="shimul" name="getCode.Geico.WindowHandle" tests="1" failures="0" timestamp="6 Apr 2020 03:13:40 GMT" time="3.237" errors="0">
  <testcase name="handleWindow" time="3.237" classname="getCode.Geico.WindowHandle"/>
</testsuite> <!-- getCode.Geico.WindowHandle -->
